[2025-01-15 21:00:04,514] {processor.py:153} INFO - Started process (PID=78340) to work on /home/alessandro/Documentos/airflow/airflow_pipeline/dags/x_dag.py
[2025-01-15 21:00:04,514] {processor.py:641} INFO - Processing file /home/alessandro/Documentos/airflow/airflow_pipeline/dags/x_dag.py for tasks to queue
[2025-01-15 21:00:04,514] {logging_mixin.py:115} INFO - [2025-01-15 21:00:04,514] {dagbag.py:507} INFO - Filling up the DagBag from /home/alessandro/Documentos/airflow/airflow_pipeline/dags/x_dag.py
[2025-01-15 21:00:04,519] {processor.py:651} INFO - DAG(s) dict_keys(['TwitterTest']) retrieved from /home/alessandro/Documentos/airflow/airflow_pipeline/dags/x_dag.py
[2025-01-15 21:00:04,548] {logging_mixin.py:115} INFO - [2025-01-15 21:00:04,548] {dag.py:2379} INFO - Sync 1 DAGs
[2025-01-15 21:00:04,559] {logging_mixin.py:115} INFO - [2025-01-15 21:00:04,559] {dag.py:2927} INFO - Setting next_dagrun for TwitterTest to 2025-01-15T21:00:04.518706+00:00, run_after=2025-01-16T21:00:04.518706+00:00
[2025-01-15 21:00:04,567] {processor.py:161} INFO - Processing /home/alessandro/Documentos/airflow/airflow_pipeline/dags/x_dag.py took 0.056 seconds
[2025-01-15 21:00:34,669] {processor.py:153} INFO - Started process (PID=78341) to work on /home/alessandro/Documentos/airflow/airflow_pipeline/dags/x_dag.py
[2025-01-15 21:00:34,669] {processor.py:641} INFO - Processing file /home/alessandro/Documentos/airflow/airflow_pipeline/dags/x_dag.py for tasks to queue
[2025-01-15 21:00:34,670] {logging_mixin.py:115} INFO - [2025-01-15 21:00:34,670] {dagbag.py:507} INFO - Filling up the DagBag from /home/alessandro/Documentos/airflow/airflow_pipeline/dags/x_dag.py
[2025-01-15 21:00:34,675] {processor.py:651} INFO - DAG(s) dict_keys(['TwitterTest']) retrieved from /home/alessandro/Documentos/airflow/airflow_pipeline/dags/x_dag.py
[2025-01-15 21:00:34,704] {logging_mixin.py:115} INFO - [2025-01-15 21:00:34,704] {dag.py:2379} INFO - Sync 1 DAGs
[2025-01-15 21:00:34,714] {logging_mixin.py:115} INFO - [2025-01-15 21:00:34,714] {dag.py:2927} INFO - Setting next_dagrun for TwitterTest to 2025-01-15T21:00:34.673991+00:00, run_after=2025-01-16T21:00:34.673991+00:00
[2025-01-15 21:00:34,723] {processor.py:161} INFO - Processing /home/alessandro/Documentos/airflow/airflow_pipeline/dags/x_dag.py took 0.056 seconds
[2025-01-15 21:01:04,826] {processor.py:153} INFO - Started process (PID=78343) to work on /home/alessandro/Documentos/airflow/airflow_pipeline/dags/x_dag.py
[2025-01-15 21:01:04,826] {processor.py:641} INFO - Processing file /home/alessandro/Documentos/airflow/airflow_pipeline/dags/x_dag.py for tasks to queue
[2025-01-15 21:01:04,827] {logging_mixin.py:115} INFO - [2025-01-15 21:01:04,827] {dagbag.py:507} INFO - Filling up the DagBag from /home/alessandro/Documentos/airflow/airflow_pipeline/dags/x_dag.py
[2025-01-15 21:01:04,832] {processor.py:651} INFO - DAG(s) dict_keys(['TwitterTest']) retrieved from /home/alessandro/Documentos/airflow/airflow_pipeline/dags/x_dag.py
[2025-01-15 21:01:04,861] {logging_mixin.py:115} INFO - [2025-01-15 21:01:04,861] {dag.py:2379} INFO - Sync 1 DAGs
[2025-01-15 21:01:04,871] {logging_mixin.py:115} INFO - [2025-01-15 21:01:04,871] {dag.py:2927} INFO - Setting next_dagrun for TwitterTest to 2025-01-15T21:01:04.831008+00:00, run_after=2025-01-16T21:01:04.831008+00:00
[2025-01-15 21:01:04,880] {processor.py:161} INFO - Processing /home/alessandro/Documentos/airflow/airflow_pipeline/dags/x_dag.py took 0.056 seconds
[2025-01-15 21:01:34,979] {processor.py:153} INFO - Started process (PID=78346) to work on /home/alessandro/Documentos/airflow/airflow_pipeline/dags/x_dag.py
[2025-01-15 21:01:34,980] {processor.py:641} INFO - Processing file /home/alessandro/Documentos/airflow/airflow_pipeline/dags/x_dag.py for tasks to queue
[2025-01-15 21:01:34,980] {logging_mixin.py:115} INFO - [2025-01-15 21:01:34,980] {dagbag.py:507} INFO - Filling up the DagBag from /home/alessandro/Documentos/airflow/airflow_pipeline/dags/x_dag.py
[2025-01-15 21:01:34,985] {processor.py:651} INFO - DAG(s) dict_keys(['TwitterTest']) retrieved from /home/alessandro/Documentos/airflow/airflow_pipeline/dags/x_dag.py
[2025-01-15 21:01:35,016] {logging_mixin.py:115} INFO - [2025-01-15 21:01:35,016] {dag.py:2379} INFO - Sync 1 DAGs
[2025-01-15 21:01:35,028] {logging_mixin.py:115} INFO - [2025-01-15 21:01:35,027] {dag.py:2927} INFO - Setting next_dagrun for TwitterTest to 2025-01-15T21:01:34.984340+00:00, run_after=2025-01-16T21:01:34.984340+00:00
[2025-01-15 21:01:35,038] {processor.py:161} INFO - Processing /home/alessandro/Documentos/airflow/airflow_pipeline/dags/x_dag.py took 0.061 seconds
[2025-01-15 21:02:05,138] {processor.py:153} INFO - Started process (PID=78347) to work on /home/alessandro/Documentos/airflow/airflow_pipeline/dags/x_dag.py
[2025-01-15 21:02:05,138] {processor.py:641} INFO - Processing file /home/alessandro/Documentos/airflow/airflow_pipeline/dags/x_dag.py for tasks to queue
[2025-01-15 21:02:05,139] {logging_mixin.py:115} INFO - [2025-01-15 21:02:05,139] {dagbag.py:507} INFO - Filling up the DagBag from /home/alessandro/Documentos/airflow/airflow_pipeline/dags/x_dag.py
[2025-01-15 21:02:05,145] {processor.py:651} INFO - DAG(s) dict_keys(['TwitterTest']) retrieved from /home/alessandro/Documentos/airflow/airflow_pipeline/dags/x_dag.py
[2025-01-15 21:02:05,178] {logging_mixin.py:115} INFO - [2025-01-15 21:02:05,178] {dag.py:2379} INFO - Sync 1 DAGs
[2025-01-15 21:02:05,189] {logging_mixin.py:115} INFO - [2025-01-15 21:02:05,189] {dag.py:2927} INFO - Setting next_dagrun for TwitterTest to 2025-01-15T21:02:05.143833+00:00, run_after=2025-01-16T21:02:05.143833+00:00
[2025-01-15 21:02:05,199] {processor.py:161} INFO - Processing /home/alessandro/Documentos/airflow/airflow_pipeline/dags/x_dag.py took 0.064 seconds
[2025-01-15 21:02:35,291] {processor.py:153} INFO - Started process (PID=78348) to work on /home/alessandro/Documentos/airflow/airflow_pipeline/dags/x_dag.py
[2025-01-15 21:02:35,292] {processor.py:641} INFO - Processing file /home/alessandro/Documentos/airflow/airflow_pipeline/dags/x_dag.py for tasks to queue
[2025-01-15 21:02:35,293] {logging_mixin.py:115} INFO - [2025-01-15 21:02:35,292] {dagbag.py:507} INFO - Filling up the DagBag from /home/alessandro/Documentos/airflow/airflow_pipeline/dags/x_dag.py
[2025-01-15 21:02:35,297] {processor.py:651} INFO - DAG(s) dict_keys(['TwitterTest']) retrieved from /home/alessandro/Documentos/airflow/airflow_pipeline/dags/x_dag.py
[2025-01-15 21:02:35,326] {logging_mixin.py:115} INFO - [2025-01-15 21:02:35,326] {dag.py:2379} INFO - Sync 1 DAGs
[2025-01-15 21:02:35,337] {logging_mixin.py:115} INFO - [2025-01-15 21:02:35,337] {dag.py:2927} INFO - Setting next_dagrun for TwitterTest to 2025-01-15T21:02:35.296652+00:00, run_after=2025-01-16T21:02:35.296652+00:00
[2025-01-15 21:02:35,346] {processor.py:161} INFO - Processing /home/alessandro/Documentos/airflow/airflow_pipeline/dags/x_dag.py took 0.057 seconds
[2025-01-15 21:03:05,447] {processor.py:153} INFO - Started process (PID=78349) to work on /home/alessandro/Documentos/airflow/airflow_pipeline/dags/x_dag.py
[2025-01-15 21:03:05,448] {processor.py:641} INFO - Processing file /home/alessandro/Documentos/airflow/airflow_pipeline/dags/x_dag.py for tasks to queue
[2025-01-15 21:03:05,448] {logging_mixin.py:115} INFO - [2025-01-15 21:03:05,448] {dagbag.py:507} INFO - Filling up the DagBag from /home/alessandro/Documentos/airflow/airflow_pipeline/dags/x_dag.py
[2025-01-15 21:03:05,453] {processor.py:651} INFO - DAG(s) dict_keys(['TwitterTest']) retrieved from /home/alessandro/Documentos/airflow/airflow_pipeline/dags/x_dag.py
[2025-01-15 21:03:05,482] {logging_mixin.py:115} INFO - [2025-01-15 21:03:05,482] {dag.py:2379} INFO - Sync 1 DAGs
[2025-01-15 21:03:05,493] {logging_mixin.py:115} INFO - [2025-01-15 21:03:05,493] {dag.py:2927} INFO - Setting next_dagrun for TwitterTest to 2025-01-15T21:03:05.452057+00:00, run_after=2025-01-16T21:03:05.452057+00:00
[2025-01-15 21:03:05,501] {processor.py:161} INFO - Processing /home/alessandro/Documentos/airflow/airflow_pipeline/dags/x_dag.py took 0.056 seconds
[2025-01-15 21:03:35,601] {processor.py:153} INFO - Started process (PID=78355) to work on /home/alessandro/Documentos/airflow/airflow_pipeline/dags/x_dag.py
[2025-01-15 21:03:35,601] {processor.py:641} INFO - Processing file /home/alessandro/Documentos/airflow/airflow_pipeline/dags/x_dag.py for tasks to queue
[2025-01-15 21:03:35,602] {logging_mixin.py:115} INFO - [2025-01-15 21:03:35,602] {dagbag.py:507} INFO - Filling up the DagBag from /home/alessandro/Documentos/airflow/airflow_pipeline/dags/x_dag.py
[2025-01-15 21:03:35,607] {processor.py:651} INFO - DAG(s) dict_keys(['TwitterTest']) retrieved from /home/alessandro/Documentos/airflow/airflow_pipeline/dags/x_dag.py
[2025-01-15 21:03:35,636] {logging_mixin.py:115} INFO - [2025-01-15 21:03:35,636] {dag.py:2379} INFO - Sync 1 DAGs
[2025-01-15 21:03:35,647] {logging_mixin.py:115} INFO - [2025-01-15 21:03:35,647] {dag.py:2927} INFO - Setting next_dagrun for TwitterTest to 2025-01-15T21:03:35.605871+00:00, run_after=2025-01-16T21:03:35.605871+00:00
[2025-01-15 21:03:35,655] {processor.py:161} INFO - Processing /home/alessandro/Documentos/airflow/airflow_pipeline/dags/x_dag.py took 0.057 seconds
[2025-01-15 21:04:05,759] {processor.py:153} INFO - Started process (PID=78356) to work on /home/alessandro/Documentos/airflow/airflow_pipeline/dags/x_dag.py
[2025-01-15 21:04:05,760] {processor.py:641} INFO - Processing file /home/alessandro/Documentos/airflow/airflow_pipeline/dags/x_dag.py for tasks to queue
[2025-01-15 21:04:05,760] {logging_mixin.py:115} INFO - [2025-01-15 21:04:05,760] {dagbag.py:507} INFO - Filling up the DagBag from /home/alessandro/Documentos/airflow/airflow_pipeline/dags/x_dag.py
[2025-01-15 21:04:05,765] {processor.py:651} INFO - DAG(s) dict_keys(['TwitterTest']) retrieved from /home/alessandro/Documentos/airflow/airflow_pipeline/dags/x_dag.py
[2025-01-15 21:04:05,794] {logging_mixin.py:115} INFO - [2025-01-15 21:04:05,794] {dag.py:2379} INFO - Sync 1 DAGs
[2025-01-15 21:04:05,804] {logging_mixin.py:115} INFO - [2025-01-15 21:04:05,804] {dag.py:2927} INFO - Setting next_dagrun for TwitterTest to 2025-01-15T21:04:05.764427+00:00, run_after=2025-01-16T21:04:05.764427+00:00
[2025-01-15 21:04:05,812] {processor.py:161} INFO - Processing /home/alessandro/Documentos/airflow/airflow_pipeline/dags/x_dag.py took 0.055 seconds
[2025-01-15 21:04:35,913] {processor.py:153} INFO - Started process (PID=78358) to work on /home/alessandro/Documentos/airflow/airflow_pipeline/dags/x_dag.py
[2025-01-15 21:04:35,914] {processor.py:641} INFO - Processing file /home/alessandro/Documentos/airflow/airflow_pipeline/dags/x_dag.py for tasks to queue
[2025-01-15 21:04:35,914] {logging_mixin.py:115} INFO - [2025-01-15 21:04:35,914] {dagbag.py:507} INFO - Filling up the DagBag from /home/alessandro/Documentos/airflow/airflow_pipeline/dags/x_dag.py
[2025-01-15 21:04:35,920] {processor.py:651} INFO - DAG(s) dict_keys(['TwitterTest']) retrieved from /home/alessandro/Documentos/airflow/airflow_pipeline/dags/x_dag.py
[2025-01-15 21:04:35,958] {logging_mixin.py:115} INFO - [2025-01-15 21:04:35,958] {dag.py:2379} INFO - Sync 1 DAGs
[2025-01-15 21:04:35,970] {logging_mixin.py:115} INFO - [2025-01-15 21:04:35,970] {dag.py:2927} INFO - Setting next_dagrun for TwitterTest to 2025-01-15T21:04:35.918345+00:00, run_after=2025-01-16T21:04:35.918345+00:00
[2025-01-15 21:04:35,982] {processor.py:161} INFO - Processing /home/alessandro/Documentos/airflow/airflow_pipeline/dags/x_dag.py took 0.071 seconds
[2025-01-15 21:05:06,069] {processor.py:153} INFO - Started process (PID=78414) to work on /home/alessandro/Documentos/airflow/airflow_pipeline/dags/x_dag.py
[2025-01-15 21:05:06,070] {processor.py:641} INFO - Processing file /home/alessandro/Documentos/airflow/airflow_pipeline/dags/x_dag.py for tasks to queue
[2025-01-15 21:05:06,070] {logging_mixin.py:115} INFO - [2025-01-15 21:05:06,070] {dagbag.py:507} INFO - Filling up the DagBag from /home/alessandro/Documentos/airflow/airflow_pipeline/dags/x_dag.py
[2025-01-15 21:05:06,075] {processor.py:651} INFO - DAG(s) dict_keys(['TwitterTest']) retrieved from /home/alessandro/Documentos/airflow/airflow_pipeline/dags/x_dag.py
[2025-01-15 21:05:06,103] {logging_mixin.py:115} INFO - [2025-01-15 21:05:06,103] {dag.py:2379} INFO - Sync 1 DAGs
[2025-01-15 21:05:06,114] {logging_mixin.py:115} INFO - [2025-01-15 21:05:06,114] {dag.py:2927} INFO - Setting next_dagrun for TwitterTest to 2025-01-15T21:05:06.074541+00:00, run_after=2025-01-16T21:05:06.074541+00:00
[2025-01-15 21:05:06,123] {processor.py:161} INFO - Processing /home/alessandro/Documentos/airflow/airflow_pipeline/dags/x_dag.py took 0.055 seconds
[2025-01-15 21:05:36,225] {processor.py:153} INFO - Started process (PID=78418) to work on /home/alessandro/Documentos/airflow/airflow_pipeline/dags/x_dag.py
[2025-01-15 21:05:36,225] {processor.py:641} INFO - Processing file /home/alessandro/Documentos/airflow/airflow_pipeline/dags/x_dag.py for tasks to queue
[2025-01-15 21:05:36,226] {logging_mixin.py:115} INFO - [2025-01-15 21:05:36,226] {dagbag.py:507} INFO - Filling up the DagBag from /home/alessandro/Documentos/airflow/airflow_pipeline/dags/x_dag.py
[2025-01-15 21:05:36,231] {processor.py:651} INFO - DAG(s) dict_keys(['TwitterTest']) retrieved from /home/alessandro/Documentos/airflow/airflow_pipeline/dags/x_dag.py
[2025-01-15 21:05:36,260] {logging_mixin.py:115} INFO - [2025-01-15 21:05:36,260] {dag.py:2379} INFO - Sync 1 DAGs
[2025-01-15 21:05:36,271] {logging_mixin.py:115} INFO - [2025-01-15 21:05:36,271] {dag.py:2927} INFO - Setting next_dagrun for TwitterTest to 2025-01-15T21:05:36.229995+00:00, run_after=2025-01-16T21:05:36.229995+00:00
[2025-01-15 21:05:36,279] {processor.py:161} INFO - Processing /home/alessandro/Documentos/airflow/airflow_pipeline/dags/x_dag.py took 0.057 seconds
[2025-01-15 21:06:06,378] {processor.py:153} INFO - Started process (PID=78419) to work on /home/alessandro/Documentos/airflow/airflow_pipeline/dags/x_dag.py
[2025-01-15 21:06:06,379] {processor.py:641} INFO - Processing file /home/alessandro/Documentos/airflow/airflow_pipeline/dags/x_dag.py for tasks to queue
[2025-01-15 21:06:06,379] {logging_mixin.py:115} INFO - [2025-01-15 21:06:06,379] {dagbag.py:507} INFO - Filling up the DagBag from /home/alessandro/Documentos/airflow/airflow_pipeline/dags/x_dag.py
[2025-01-15 21:06:06,384] {processor.py:651} INFO - DAG(s) dict_keys(['TwitterTest']) retrieved from /home/alessandro/Documentos/airflow/airflow_pipeline/dags/x_dag.py
[2025-01-15 21:06:06,414] {logging_mixin.py:115} INFO - [2025-01-15 21:06:06,414] {dag.py:2379} INFO - Sync 1 DAGs
[2025-01-15 21:06:06,424] {logging_mixin.py:115} INFO - [2025-01-15 21:06:06,424] {dag.py:2927} INFO - Setting next_dagrun for TwitterTest to 2025-01-15T21:06:06.383720+00:00, run_after=2025-01-16T21:06:06.383720+00:00
[2025-01-15 21:06:06,434] {processor.py:161} INFO - Processing /home/alessandro/Documentos/airflow/airflow_pipeline/dags/x_dag.py took 0.058 seconds
[2025-01-15 21:06:36,534] {processor.py:153} INFO - Started process (PID=78421) to work on /home/alessandro/Documentos/airflow/airflow_pipeline/dags/x_dag.py
[2025-01-15 21:06:36,535] {processor.py:641} INFO - Processing file /home/alessandro/Documentos/airflow/airflow_pipeline/dags/x_dag.py for tasks to queue
[2025-01-15 21:06:36,535] {logging_mixin.py:115} INFO - [2025-01-15 21:06:36,535] {dagbag.py:507} INFO - Filling up the DagBag from /home/alessandro/Documentos/airflow/airflow_pipeline/dags/x_dag.py
[2025-01-15 21:06:36,540] {processor.py:651} INFO - DAG(s) dict_keys(['TwitterTest']) retrieved from /home/alessandro/Documentos/airflow/airflow_pipeline/dags/x_dag.py
[2025-01-15 21:06:36,571] {logging_mixin.py:115} INFO - [2025-01-15 21:06:36,571] {dag.py:2379} INFO - Sync 1 DAGs
[2025-01-15 21:06:36,583] {logging_mixin.py:115} INFO - [2025-01-15 21:06:36,582] {dag.py:2927} INFO - Setting next_dagrun for TwitterTest to 2025-01-15T21:06:36.539163+00:00, run_after=2025-01-16T21:06:36.539163+00:00
[2025-01-15 21:06:36,591] {processor.py:161} INFO - Processing /home/alessandro/Documentos/airflow/airflow_pipeline/dags/x_dag.py took 0.060 seconds
[2025-01-15 21:07:06,688] {processor.py:153} INFO - Started process (PID=78422) to work on /home/alessandro/Documentos/airflow/airflow_pipeline/dags/x_dag.py
[2025-01-15 21:07:06,689] {processor.py:641} INFO - Processing file /home/alessandro/Documentos/airflow/airflow_pipeline/dags/x_dag.py for tasks to queue
[2025-01-15 21:07:06,689] {logging_mixin.py:115} INFO - [2025-01-15 21:07:06,689] {dagbag.py:507} INFO - Filling up the DagBag from /home/alessandro/Documentos/airflow/airflow_pipeline/dags/x_dag.py
[2025-01-15 21:07:06,694] {processor.py:651} INFO - DAG(s) dict_keys(['TwitterTest']) retrieved from /home/alessandro/Documentos/airflow/airflow_pipeline/dags/x_dag.py
[2025-01-15 21:07:06,723] {logging_mixin.py:115} INFO - [2025-01-15 21:07:06,723] {dag.py:2379} INFO - Sync 1 DAGs
[2025-01-15 21:07:06,733] {logging_mixin.py:115} INFO - [2025-01-15 21:07:06,733] {dag.py:2927} INFO - Setting next_dagrun for TwitterTest to 2025-01-15T21:07:06.693491+00:00, run_after=2025-01-16T21:07:06.693491+00:00
[2025-01-15 21:07:06,741] {processor.py:161} INFO - Processing /home/alessandro/Documentos/airflow/airflow_pipeline/dags/x_dag.py took 0.054 seconds
[2025-01-15 21:07:36,841] {processor.py:153} INFO - Started process (PID=78423) to work on /home/alessandro/Documentos/airflow/airflow_pipeline/dags/x_dag.py
[2025-01-15 21:07:36,842] {processor.py:641} INFO - Processing file /home/alessandro/Documentos/airflow/airflow_pipeline/dags/x_dag.py for tasks to queue
[2025-01-15 21:07:36,842] {logging_mixin.py:115} INFO - [2025-01-15 21:07:36,842] {dagbag.py:507} INFO - Filling up the DagBag from /home/alessandro/Documentos/airflow/airflow_pipeline/dags/x_dag.py
[2025-01-15 21:07:36,847] {processor.py:651} INFO - DAG(s) dict_keys(['TwitterTest']) retrieved from /home/alessandro/Documentos/airflow/airflow_pipeline/dags/x_dag.py
[2025-01-15 21:07:36,876] {logging_mixin.py:115} INFO - [2025-01-15 21:07:36,875] {dag.py:2379} INFO - Sync 1 DAGs
[2025-01-15 21:07:36,886] {logging_mixin.py:115} INFO - [2025-01-15 21:07:36,886] {dag.py:2927} INFO - Setting next_dagrun for TwitterTest to 2025-01-15T21:07:36.846442+00:00, run_after=2025-01-16T21:07:36.846442+00:00
[2025-01-15 21:07:36,895] {processor.py:161} INFO - Processing /home/alessandro/Documentos/airflow/airflow_pipeline/dags/x_dag.py took 0.057 seconds
[2025-01-15 21:08:06,993] {processor.py:153} INFO - Started process (PID=78425) to work on /home/alessandro/Documentos/airflow/airflow_pipeline/dags/x_dag.py
[2025-01-15 21:08:06,993] {processor.py:641} INFO - Processing file /home/alessandro/Documentos/airflow/airflow_pipeline/dags/x_dag.py for tasks to queue
[2025-01-15 21:08:06,994] {logging_mixin.py:115} INFO - [2025-01-15 21:08:06,994] {dagbag.py:507} INFO - Filling up the DagBag from /home/alessandro/Documentos/airflow/airflow_pipeline/dags/x_dag.py
[2025-01-15 21:08:06,999] {processor.py:651} INFO - DAG(s) dict_keys(['TwitterTest']) retrieved from /home/alessandro/Documentos/airflow/airflow_pipeline/dags/x_dag.py
[2025-01-15 21:08:07,030] {logging_mixin.py:115} INFO - [2025-01-15 21:08:07,030] {dag.py:2379} INFO - Sync 1 DAGs
[2025-01-15 21:08:07,041] {logging_mixin.py:115} INFO - [2025-01-15 21:08:07,041] {dag.py:2927} INFO - Setting next_dagrun for TwitterTest to 2025-01-15T21:08:06.998191+00:00, run_after=2025-01-16T21:08:06.998191+00:00
[2025-01-15 21:08:07,050] {processor.py:161} INFO - Processing /home/alessandro/Documentos/airflow/airflow_pipeline/dags/x_dag.py took 0.059 seconds
[2025-01-15 21:08:37,105] {processor.py:153} INFO - Started process (PID=78426) to work on /home/alessandro/Documentos/airflow/airflow_pipeline/dags/x_dag.py
[2025-01-15 21:08:37,106] {processor.py:641} INFO - Processing file /home/alessandro/Documentos/airflow/airflow_pipeline/dags/x_dag.py for tasks to queue
[2025-01-15 21:08:37,106] {logging_mixin.py:115} INFO - [2025-01-15 21:08:37,106] {dagbag.py:507} INFO - Filling up the DagBag from /home/alessandro/Documentos/airflow/airflow_pipeline/dags/x_dag.py
[2025-01-15 21:08:37,111] {processor.py:651} INFO - DAG(s) dict_keys(['TwitterTest']) retrieved from /home/alessandro/Documentos/airflow/airflow_pipeline/dags/x_dag.py
[2025-01-15 21:08:37,141] {logging_mixin.py:115} INFO - [2025-01-15 21:08:37,141] {dag.py:2379} INFO - Sync 1 DAGs
[2025-01-15 21:08:37,154] {logging_mixin.py:115} INFO - [2025-01-15 21:08:37,154] {dag.py:2927} INFO - Setting next_dagrun for TwitterTest to 2025-01-15T21:08:37.110451+00:00, run_after=2025-01-16T21:08:37.110451+00:00
[2025-01-15 21:08:37,164] {processor.py:161} INFO - Processing /home/alessandro/Documentos/airflow/airflow_pipeline/dags/x_dag.py took 0.061 seconds
[2025-01-15 21:09:07,260] {processor.py:153} INFO - Started process (PID=78427) to work on /home/alessandro/Documentos/airflow/airflow_pipeline/dags/x_dag.py
[2025-01-15 21:09:07,261] {processor.py:641} INFO - Processing file /home/alessandro/Documentos/airflow/airflow_pipeline/dags/x_dag.py for tasks to queue
[2025-01-15 21:09:07,261] {logging_mixin.py:115} INFO - [2025-01-15 21:09:07,261] {dagbag.py:507} INFO - Filling up the DagBag from /home/alessandro/Documentos/airflow/airflow_pipeline/dags/x_dag.py
[2025-01-15 21:09:07,267] {processor.py:651} INFO - DAG(s) dict_keys(['TwitterTest']) retrieved from /home/alessandro/Documentos/airflow/airflow_pipeline/dags/x_dag.py
[2025-01-15 21:09:07,301] {logging_mixin.py:115} INFO - [2025-01-15 21:09:07,300] {dag.py:2379} INFO - Sync 1 DAGs
[2025-01-15 21:09:07,312] {logging_mixin.py:115} INFO - [2025-01-15 21:09:07,311] {dag.py:2927} INFO - Setting next_dagrun for TwitterTest to 2025-01-15T21:09:07.265874+00:00, run_after=2025-01-16T21:09:07.265874+00:00
[2025-01-15 21:09:07,321] {processor.py:161} INFO - Processing /home/alessandro/Documentos/airflow/airflow_pipeline/dags/x_dag.py took 0.064 seconds
[2025-01-15 21:09:37,412] {processor.py:153} INFO - Started process (PID=78428) to work on /home/alessandro/Documentos/airflow/airflow_pipeline/dags/x_dag.py
[2025-01-15 21:09:37,413] {processor.py:641} INFO - Processing file /home/alessandro/Documentos/airflow/airflow_pipeline/dags/x_dag.py for tasks to queue
[2025-01-15 21:09:37,413] {logging_mixin.py:115} INFO - [2025-01-15 21:09:37,413] {dagbag.py:507} INFO - Filling up the DagBag from /home/alessandro/Documentos/airflow/airflow_pipeline/dags/x_dag.py
[2025-01-15 21:09:37,419] {processor.py:651} INFO - DAG(s) dict_keys(['TwitterTest']) retrieved from /home/alessandro/Documentos/airflow/airflow_pipeline/dags/x_dag.py
[2025-01-15 21:09:37,448] {logging_mixin.py:115} INFO - [2025-01-15 21:09:37,447] {dag.py:2379} INFO - Sync 1 DAGs
[2025-01-15 21:09:37,458] {logging_mixin.py:115} INFO - [2025-01-15 21:09:37,458] {dag.py:2927} INFO - Setting next_dagrun for TwitterTest to 2025-01-15T21:09:37.417598+00:00, run_after=2025-01-16T21:09:37.417598+00:00
[2025-01-15 21:09:37,467] {processor.py:161} INFO - Processing /home/alessandro/Documentos/airflow/airflow_pipeline/dags/x_dag.py took 0.057 seconds
[2025-01-15 21:10:07,570] {processor.py:153} INFO - Started process (PID=78484) to work on /home/alessandro/Documentos/airflow/airflow_pipeline/dags/x_dag.py
[2025-01-15 21:10:07,571] {processor.py:641} INFO - Processing file /home/alessandro/Documentos/airflow/airflow_pipeline/dags/x_dag.py for tasks to queue
[2025-01-15 21:10:07,571] {logging_mixin.py:115} INFO - [2025-01-15 21:10:07,571] {dagbag.py:507} INFO - Filling up the DagBag from /home/alessandro/Documentos/airflow/airflow_pipeline/dags/x_dag.py
[2025-01-15 21:10:07,577] {processor.py:651} INFO - DAG(s) dict_keys(['TwitterTest']) retrieved from /home/alessandro/Documentos/airflow/airflow_pipeline/dags/x_dag.py
[2025-01-15 21:10:07,606] {logging_mixin.py:115} INFO - [2025-01-15 21:10:07,606] {dag.py:2379} INFO - Sync 1 DAGs
[2025-01-15 21:10:07,616] {logging_mixin.py:115} INFO - [2025-01-15 21:10:07,616] {dag.py:2927} INFO - Setting next_dagrun for TwitterTest to 2025-01-15T21:10:07.575623+00:00, run_after=2025-01-16T21:10:07.575623+00:00
[2025-01-15 21:10:07,625] {processor.py:161} INFO - Processing /home/alessandro/Documentos/airflow/airflow_pipeline/dags/x_dag.py took 0.057 seconds
[2025-01-15 21:10:37,725] {processor.py:153} INFO - Started process (PID=78485) to work on /home/alessandro/Documentos/airflow/airflow_pipeline/dags/x_dag.py
[2025-01-15 21:10:37,726] {processor.py:641} INFO - Processing file /home/alessandro/Documentos/airflow/airflow_pipeline/dags/x_dag.py for tasks to queue
[2025-01-15 21:10:37,726] {logging_mixin.py:115} INFO - [2025-01-15 21:10:37,726] {dagbag.py:507} INFO - Filling up the DagBag from /home/alessandro/Documentos/airflow/airflow_pipeline/dags/x_dag.py
[2025-01-15 21:10:37,731] {processor.py:651} INFO - DAG(s) dict_keys(['TwitterTest']) retrieved from /home/alessandro/Documentos/airflow/airflow_pipeline/dags/x_dag.py
[2025-01-15 21:10:37,759] {logging_mixin.py:115} INFO - [2025-01-15 21:10:37,759] {dag.py:2379} INFO - Sync 1 DAGs
[2025-01-15 21:10:37,768] {logging_mixin.py:115} INFO - [2025-01-15 21:10:37,768] {dag.py:2927} INFO - Setting next_dagrun for TwitterTest to 2025-01-15T21:10:37.730419+00:00, run_after=2025-01-16T21:10:37.730419+00:00
[2025-01-15 21:10:37,777] {processor.py:161} INFO - Processing /home/alessandro/Documentos/airflow/airflow_pipeline/dags/x_dag.py took 0.054 seconds
[2025-01-15 21:11:07,885] {processor.py:153} INFO - Started process (PID=78486) to work on /home/alessandro/Documentos/airflow/airflow_pipeline/dags/x_dag.py
[2025-01-15 21:11:07,886] {processor.py:641} INFO - Processing file /home/alessandro/Documentos/airflow/airflow_pipeline/dags/x_dag.py for tasks to queue
[2025-01-15 21:11:07,886] {logging_mixin.py:115} INFO - [2025-01-15 21:11:07,886] {dagbag.py:507} INFO - Filling up the DagBag from /home/alessandro/Documentos/airflow/airflow_pipeline/dags/x_dag.py
[2025-01-15 21:11:07,891] {processor.py:651} INFO - DAG(s) dict_keys(['TwitterTest']) retrieved from /home/alessandro/Documentos/airflow/airflow_pipeline/dags/x_dag.py
[2025-01-15 21:11:07,921] {logging_mixin.py:115} INFO - [2025-01-15 21:11:07,921] {dag.py:2379} INFO - Sync 1 DAGs
[2025-01-15 21:11:07,931] {logging_mixin.py:115} INFO - [2025-01-15 21:11:07,931] {dag.py:2927} INFO - Setting next_dagrun for TwitterTest to 2025-01-15T21:11:07.890171+00:00, run_after=2025-01-16T21:11:07.890171+00:00
[2025-01-15 21:11:07,940] {processor.py:161} INFO - Processing /home/alessandro/Documentos/airflow/airflow_pipeline/dags/x_dag.py took 0.057 seconds
[2025-01-15 21:11:38,040] {processor.py:153} INFO - Started process (PID=78487) to work on /home/alessandro/Documentos/airflow/airflow_pipeline/dags/x_dag.py
[2025-01-15 21:11:38,040] {processor.py:641} INFO - Processing file /home/alessandro/Documentos/airflow/airflow_pipeline/dags/x_dag.py for tasks to queue
[2025-01-15 21:11:38,040] {logging_mixin.py:115} INFO - [2025-01-15 21:11:38,040] {dagbag.py:507} INFO - Filling up the DagBag from /home/alessandro/Documentos/airflow/airflow_pipeline/dags/x_dag.py
[2025-01-15 21:11:38,046] {processor.py:651} INFO - DAG(s) dict_keys(['TwitterTest']) retrieved from /home/alessandro/Documentos/airflow/airflow_pipeline/dags/x_dag.py
[2025-01-15 21:11:38,074] {logging_mixin.py:115} INFO - [2025-01-15 21:11:38,074] {dag.py:2379} INFO - Sync 1 DAGs
[2025-01-15 21:11:38,085] {logging_mixin.py:115} INFO - [2025-01-15 21:11:38,085] {dag.py:2927} INFO - Setting next_dagrun for TwitterTest to 2025-01-15T21:11:38.044490+00:00, run_after=2025-01-16T21:11:38.044490+00:00
[2025-01-15 21:11:38,094] {processor.py:161} INFO - Processing /home/alessandro/Documentos/airflow/airflow_pipeline/dags/x_dag.py took 0.056 seconds
[2025-01-15 21:12:08,197] {processor.py:153} INFO - Started process (PID=78488) to work on /home/alessandro/Documentos/airflow/airflow_pipeline/dags/x_dag.py
[2025-01-15 21:12:08,198] {processor.py:641} INFO - Processing file /home/alessandro/Documentos/airflow/airflow_pipeline/dags/x_dag.py for tasks to queue
[2025-01-15 21:12:08,199] {logging_mixin.py:115} INFO - [2025-01-15 21:12:08,199] {dagbag.py:507} INFO - Filling up the DagBag from /home/alessandro/Documentos/airflow/airflow_pipeline/dags/x_dag.py
[2025-01-15 21:12:08,204] {processor.py:651} INFO - DAG(s) dict_keys(['TwitterTest']) retrieved from /home/alessandro/Documentos/airflow/airflow_pipeline/dags/x_dag.py
[2025-01-15 21:12:08,232] {logging_mixin.py:115} INFO - [2025-01-15 21:12:08,232] {dag.py:2379} INFO - Sync 1 DAGs
[2025-01-15 21:12:08,241] {logging_mixin.py:115} INFO - [2025-01-15 21:12:08,241] {dag.py:2927} INFO - Setting next_dagrun for TwitterTest to 2025-01-15T21:12:08.202802+00:00, run_after=2025-01-16T21:12:08.202802+00:00
[2025-01-15 21:12:08,249] {processor.py:161} INFO - Processing /home/alessandro/Documentos/airflow/airflow_pipeline/dags/x_dag.py took 0.054 seconds
[2025-01-15 21:12:38,352] {processor.py:153} INFO - Started process (PID=78489) to work on /home/alessandro/Documentos/airflow/airflow_pipeline/dags/x_dag.py
[2025-01-15 21:12:38,352] {processor.py:641} INFO - Processing file /home/alessandro/Documentos/airflow/airflow_pipeline/dags/x_dag.py for tasks to queue
[2025-01-15 21:12:38,352] {logging_mixin.py:115} INFO - [2025-01-15 21:12:38,352] {dagbag.py:507} INFO - Filling up the DagBag from /home/alessandro/Documentos/airflow/airflow_pipeline/dags/x_dag.py
[2025-01-15 21:12:38,358] {processor.py:651} INFO - DAG(s) dict_keys(['TwitterTest']) retrieved from /home/alessandro/Documentos/airflow/airflow_pipeline/dags/x_dag.py
[2025-01-15 21:12:38,387] {logging_mixin.py:115} INFO - [2025-01-15 21:12:38,387] {dag.py:2379} INFO - Sync 1 DAGs
[2025-01-15 21:12:38,397] {logging_mixin.py:115} INFO - [2025-01-15 21:12:38,397] {dag.py:2927} INFO - Setting next_dagrun for TwitterTest to 2025-01-15T21:12:38.356668+00:00, run_after=2025-01-16T21:12:38.356668+00:00
[2025-01-15 21:12:38,405] {processor.py:161} INFO - Processing /home/alessandro/Documentos/airflow/airflow_pipeline/dags/x_dag.py took 0.056 seconds
[2025-01-15 21:13:08,510] {processor.py:153} INFO - Started process (PID=78490) to work on /home/alessandro/Documentos/airflow/airflow_pipeline/dags/x_dag.py
[2025-01-15 21:13:08,510] {processor.py:641} INFO - Processing file /home/alessandro/Documentos/airflow/airflow_pipeline/dags/x_dag.py for tasks to queue
[2025-01-15 21:13:08,511] {logging_mixin.py:115} INFO - [2025-01-15 21:13:08,511] {dagbag.py:507} INFO - Filling up the DagBag from /home/alessandro/Documentos/airflow/airflow_pipeline/dags/x_dag.py
[2025-01-15 21:13:08,516] {processor.py:651} INFO - DAG(s) dict_keys(['TwitterTest']) retrieved from /home/alessandro/Documentos/airflow/airflow_pipeline/dags/x_dag.py
[2025-01-15 21:13:08,548] {logging_mixin.py:115} INFO - [2025-01-15 21:13:08,548] {dag.py:2379} INFO - Sync 1 DAGs
[2025-01-15 21:13:08,560] {logging_mixin.py:115} INFO - [2025-01-15 21:13:08,560] {dag.py:2927} INFO - Setting next_dagrun for TwitterTest to 2025-01-15T21:13:08.514964+00:00, run_after=2025-01-16T21:13:08.514964+00:00
[2025-01-15 21:13:08,569] {processor.py:161} INFO - Processing /home/alessandro/Documentos/airflow/airflow_pipeline/dags/x_dag.py took 0.062 seconds
[2025-01-15 21:13:38,664] {processor.py:153} INFO - Started process (PID=78493) to work on /home/alessandro/Documentos/airflow/airflow_pipeline/dags/x_dag.py
[2025-01-15 21:13:38,665] {processor.py:641} INFO - Processing file /home/alessandro/Documentos/airflow/airflow_pipeline/dags/x_dag.py for tasks to queue
[2025-01-15 21:13:38,665] {logging_mixin.py:115} INFO - [2025-01-15 21:13:38,665] {dagbag.py:507} INFO - Filling up the DagBag from /home/alessandro/Documentos/airflow/airflow_pipeline/dags/x_dag.py
[2025-01-15 21:13:38,671] {processor.py:651} INFO - DAG(s) dict_keys(['TwitterTest']) retrieved from /home/alessandro/Documentos/airflow/airflow_pipeline/dags/x_dag.py
[2025-01-15 21:13:38,701] {logging_mixin.py:115} INFO - [2025-01-15 21:13:38,700] {dag.py:2379} INFO - Sync 1 DAGs
[2025-01-15 21:13:38,711] {logging_mixin.py:115} INFO - [2025-01-15 21:13:38,711] {dag.py:2927} INFO - Setting next_dagrun for TwitterTest to 2025-01-15T21:13:38.669704+00:00, run_after=2025-01-16T21:13:38.669704+00:00
[2025-01-15 21:13:38,719] {processor.py:161} INFO - Processing /home/alessandro/Documentos/airflow/airflow_pipeline/dags/x_dag.py took 0.057 seconds
[2025-01-15 21:14:08,823] {processor.py:153} INFO - Started process (PID=78494) to work on /home/alessandro/Documentos/airflow/airflow_pipeline/dags/x_dag.py
[2025-01-15 21:14:08,823] {processor.py:641} INFO - Processing file /home/alessandro/Documentos/airflow/airflow_pipeline/dags/x_dag.py for tasks to queue
[2025-01-15 21:14:08,824] {logging_mixin.py:115} INFO - [2025-01-15 21:14:08,824] {dagbag.py:507} INFO - Filling up the DagBag from /home/alessandro/Documentos/airflow/airflow_pipeline/dags/x_dag.py
[2025-01-15 21:14:08,829] {processor.py:651} INFO - DAG(s) dict_keys(['TwitterTest']) retrieved from /home/alessandro/Documentos/airflow/airflow_pipeline/dags/x_dag.py
[2025-01-15 21:14:08,858] {logging_mixin.py:115} INFO - [2025-01-15 21:14:08,858] {dag.py:2379} INFO - Sync 1 DAGs
[2025-01-15 21:14:08,869] {logging_mixin.py:115} INFO - [2025-01-15 21:14:08,869] {dag.py:2927} INFO - Setting next_dagrun for TwitterTest to 2025-01-15T21:14:08.827991+00:00, run_after=2025-01-16T21:14:08.827991+00:00
[2025-01-15 21:14:08,877] {processor.py:161} INFO - Processing /home/alessandro/Documentos/airflow/airflow_pipeline/dags/x_dag.py took 0.057 seconds
[2025-01-15 21:14:38,982] {processor.py:153} INFO - Started process (PID=78547) to work on /home/alessandro/Documentos/airflow/airflow_pipeline/dags/x_dag.py
[2025-01-15 21:14:38,982] {processor.py:641} INFO - Processing file /home/alessandro/Documentos/airflow/airflow_pipeline/dags/x_dag.py for tasks to queue
[2025-01-15 21:14:38,983] {logging_mixin.py:115} INFO - [2025-01-15 21:14:38,983] {dagbag.py:507} INFO - Filling up the DagBag from /home/alessandro/Documentos/airflow/airflow_pipeline/dags/x_dag.py
[2025-01-15 21:14:38,988] {processor.py:651} INFO - DAG(s) dict_keys(['TwitterTest']) retrieved from /home/alessandro/Documentos/airflow/airflow_pipeline/dags/x_dag.py
[2025-01-15 21:14:39,016] {logging_mixin.py:115} INFO - [2025-01-15 21:14:39,016] {dag.py:2379} INFO - Sync 1 DAGs
[2025-01-15 21:14:39,027] {logging_mixin.py:115} INFO - [2025-01-15 21:14:39,027] {dag.py:2927} INFO - Setting next_dagrun for TwitterTest to 2025-01-15T21:14:38.986865+00:00, run_after=2025-01-16T21:14:38.986865+00:00
[2025-01-15 21:14:39,036] {processor.py:161} INFO - Processing /home/alessandro/Documentos/airflow/airflow_pipeline/dags/x_dag.py took 0.057 seconds
[2025-01-15 21:15:09,140] {processor.py:153} INFO - Started process (PID=78554) to work on /home/alessandro/Documentos/airflow/airflow_pipeline/dags/x_dag.py
[2025-01-15 21:15:09,141] {processor.py:641} INFO - Processing file /home/alessandro/Documentos/airflow/airflow_pipeline/dags/x_dag.py for tasks to queue
[2025-01-15 21:15:09,141] {logging_mixin.py:115} INFO - [2025-01-15 21:15:09,141] {dagbag.py:507} INFO - Filling up the DagBag from /home/alessandro/Documentos/airflow/airflow_pipeline/dags/x_dag.py
[2025-01-15 21:15:09,146] {processor.py:651} INFO - DAG(s) dict_keys(['TwitterTest']) retrieved from /home/alessandro/Documentos/airflow/airflow_pipeline/dags/x_dag.py
[2025-01-15 21:15:09,174] {logging_mixin.py:115} INFO - [2025-01-15 21:15:09,174] {dag.py:2379} INFO - Sync 1 DAGs
[2025-01-15 21:15:09,185] {logging_mixin.py:115} INFO - [2025-01-15 21:15:09,185] {dag.py:2927} INFO - Setting next_dagrun for TwitterTest to 2025-01-15T21:15:09.145203+00:00, run_after=2025-01-16T21:15:09.145203+00:00
[2025-01-15 21:15:09,194] {processor.py:161} INFO - Processing /home/alessandro/Documentos/airflow/airflow_pipeline/dags/x_dag.py took 0.056 seconds
[2025-01-15 21:15:39,295] {processor.py:153} INFO - Started process (PID=78555) to work on /home/alessandro/Documentos/airflow/airflow_pipeline/dags/x_dag.py
[2025-01-15 21:15:39,295] {processor.py:641} INFO - Processing file /home/alessandro/Documentos/airflow/airflow_pipeline/dags/x_dag.py for tasks to queue
[2025-01-15 21:15:39,296] {logging_mixin.py:115} INFO - [2025-01-15 21:15:39,296] {dagbag.py:507} INFO - Filling up the DagBag from /home/alessandro/Documentos/airflow/airflow_pipeline/dags/x_dag.py
[2025-01-15 21:15:39,301] {processor.py:651} INFO - DAG(s) dict_keys(['TwitterTest']) retrieved from /home/alessandro/Documentos/airflow/airflow_pipeline/dags/x_dag.py
[2025-01-15 21:15:39,336] {logging_mixin.py:115} INFO - [2025-01-15 21:15:39,336] {dag.py:2379} INFO - Sync 1 DAGs
[2025-01-15 21:15:39,350] {logging_mixin.py:115} INFO - [2025-01-15 21:15:39,350] {dag.py:2927} INFO - Setting next_dagrun for TwitterTest to 2025-01-15T21:15:39.300174+00:00, run_after=2025-01-16T21:15:39.300174+00:00
[2025-01-15 21:15:39,360] {processor.py:161} INFO - Processing /home/alessandro/Documentos/airflow/airflow_pipeline/dags/x_dag.py took 0.067 seconds
[2025-01-15 21:16:09,457] {processor.py:153} INFO - Started process (PID=78556) to work on /home/alessandro/Documentos/airflow/airflow_pipeline/dags/x_dag.py
[2025-01-15 21:16:09,458] {processor.py:641} INFO - Processing file /home/alessandro/Documentos/airflow/airflow_pipeline/dags/x_dag.py for tasks to queue
[2025-01-15 21:16:09,459] {logging_mixin.py:115} INFO - [2025-01-15 21:16:09,458] {dagbag.py:507} INFO - Filling up the DagBag from /home/alessandro/Documentos/airflow/airflow_pipeline/dags/x_dag.py
[2025-01-15 21:16:09,463] {processor.py:651} INFO - DAG(s) dict_keys(['TwitterTest']) retrieved from /home/alessandro/Documentos/airflow/airflow_pipeline/dags/x_dag.py
[2025-01-15 21:16:09,494] {logging_mixin.py:115} INFO - [2025-01-15 21:16:09,494] {dag.py:2379} INFO - Sync 1 DAGs
[2025-01-15 21:16:09,504] {logging_mixin.py:115} INFO - [2025-01-15 21:16:09,504] {dag.py:2927} INFO - Setting next_dagrun for TwitterTest to 2025-01-15T21:16:09.462816+00:00, run_after=2025-01-16T21:16:09.462816+00:00
[2025-01-15 21:16:09,513] {processor.py:161} INFO - Processing /home/alessandro/Documentos/airflow/airflow_pipeline/dags/x_dag.py took 0.058 seconds
[2025-01-15 21:16:39,613] {processor.py:153} INFO - Started process (PID=78557) to work on /home/alessandro/Documentos/airflow/airflow_pipeline/dags/x_dag.py
[2025-01-15 21:16:39,613] {processor.py:641} INFO - Processing file /home/alessandro/Documentos/airflow/airflow_pipeline/dags/x_dag.py for tasks to queue
[2025-01-15 21:16:39,614] {logging_mixin.py:115} INFO - [2025-01-15 21:16:39,614] {dagbag.py:507} INFO - Filling up the DagBag from /home/alessandro/Documentos/airflow/airflow_pipeline/dags/x_dag.py
[2025-01-15 21:16:39,619] {processor.py:651} INFO - DAG(s) dict_keys(['TwitterTest']) retrieved from /home/alessandro/Documentos/airflow/airflow_pipeline/dags/x_dag.py
[2025-01-15 21:16:39,648] {logging_mixin.py:115} INFO - [2025-01-15 21:16:39,648] {dag.py:2379} INFO - Sync 1 DAGs
[2025-01-15 21:16:39,658] {logging_mixin.py:115} INFO - [2025-01-15 21:16:39,658] {dag.py:2927} INFO - Setting next_dagrun for TwitterTest to 2025-01-15T21:16:39.617894+00:00, run_after=2025-01-16T21:16:39.617894+00:00
[2025-01-15 21:16:39,667] {processor.py:161} INFO - Processing /home/alessandro/Documentos/airflow/airflow_pipeline/dags/x_dag.py took 0.056 seconds
[2025-01-15 21:17:09,770] {processor.py:153} INFO - Started process (PID=78561) to work on /home/alessandro/Documentos/airflow/airflow_pipeline/dags/x_dag.py
[2025-01-15 21:17:09,771] {processor.py:641} INFO - Processing file /home/alessandro/Documentos/airflow/airflow_pipeline/dags/x_dag.py for tasks to queue
[2025-01-15 21:17:09,771] {logging_mixin.py:115} INFO - [2025-01-15 21:17:09,771] {dagbag.py:507} INFO - Filling up the DagBag from /home/alessandro/Documentos/airflow/airflow_pipeline/dags/x_dag.py
[2025-01-15 21:17:09,776] {processor.py:651} INFO - DAG(s) dict_keys(['TwitterTest']) retrieved from /home/alessandro/Documentos/airflow/airflow_pipeline/dags/x_dag.py
[2025-01-15 21:17:09,807] {logging_mixin.py:115} INFO - [2025-01-15 21:17:09,807] {dag.py:2379} INFO - Sync 1 DAGs
[2025-01-15 21:17:09,818] {logging_mixin.py:115} INFO - [2025-01-15 21:17:09,818] {dag.py:2927} INFO - Setting next_dagrun for TwitterTest to 2025-01-15T21:17:09.775497+00:00, run_after=2025-01-16T21:17:09.775497+00:00
[2025-01-15 21:17:09,826] {processor.py:161} INFO - Processing /home/alessandro/Documentos/airflow/airflow_pipeline/dags/x_dag.py took 0.058 seconds
[2025-01-15 21:17:39,924] {processor.py:153} INFO - Started process (PID=78562) to work on /home/alessandro/Documentos/airflow/airflow_pipeline/dags/x_dag.py
[2025-01-15 21:17:39,925] {processor.py:641} INFO - Processing file /home/alessandro/Documentos/airflow/airflow_pipeline/dags/x_dag.py for tasks to queue
[2025-01-15 21:17:39,925] {logging_mixin.py:115} INFO - [2025-01-15 21:17:39,925] {dagbag.py:507} INFO - Filling up the DagBag from /home/alessandro/Documentos/airflow/airflow_pipeline/dags/x_dag.py
[2025-01-15 21:17:39,930] {processor.py:651} INFO - DAG(s) dict_keys(['TwitterTest']) retrieved from /home/alessandro/Documentos/airflow/airflow_pipeline/dags/x_dag.py
[2025-01-15 21:17:39,960] {logging_mixin.py:115} INFO - [2025-01-15 21:17:39,960] {dag.py:2379} INFO - Sync 1 DAGs
[2025-01-15 21:17:39,971] {logging_mixin.py:115} INFO - [2025-01-15 21:17:39,971] {dag.py:2927} INFO - Setting next_dagrun for TwitterTest to 2025-01-15T21:17:39.929377+00:00, run_after=2025-01-16T21:17:39.929377+00:00
[2025-01-15 21:17:39,980] {processor.py:161} INFO - Processing /home/alessandro/Documentos/airflow/airflow_pipeline/dags/x_dag.py took 0.058 seconds
[2025-01-15 21:18:10,082] {processor.py:153} INFO - Started process (PID=78563) to work on /home/alessandro/Documentos/airflow/airflow_pipeline/dags/x_dag.py
[2025-01-15 21:18:10,083] {processor.py:641} INFO - Processing file /home/alessandro/Documentos/airflow/airflow_pipeline/dags/x_dag.py for tasks to queue
[2025-01-15 21:18:10,083] {logging_mixin.py:115} INFO - [2025-01-15 21:18:10,083] {dagbag.py:507} INFO - Filling up the DagBag from /home/alessandro/Documentos/airflow/airflow_pipeline/dags/x_dag.py
[2025-01-15 21:18:10,089] {processor.py:651} INFO - DAG(s) dict_keys(['TwitterTest']) retrieved from /home/alessandro/Documentos/airflow/airflow_pipeline/dags/x_dag.py
[2025-01-15 21:18:10,124] {logging_mixin.py:115} INFO - [2025-01-15 21:18:10,124] {dag.py:2379} INFO - Sync 1 DAGs
[2025-01-15 21:18:10,137] {logging_mixin.py:115} INFO - [2025-01-15 21:18:10,137] {dag.py:2927} INFO - Setting next_dagrun for TwitterTest to 2025-01-15T21:18:10.088047+00:00, run_after=2025-01-16T21:18:10.088047+00:00
[2025-01-15 21:18:10,150] {processor.py:161} INFO - Processing /home/alessandro/Documentos/airflow/airflow_pipeline/dags/x_dag.py took 0.070 seconds
[2025-01-15 21:18:40,240] {processor.py:153} INFO - Started process (PID=78569) to work on /home/alessandro/Documentos/airflow/airflow_pipeline/dags/x_dag.py
[2025-01-15 21:18:40,240] {processor.py:641} INFO - Processing file /home/alessandro/Documentos/airflow/airflow_pipeline/dags/x_dag.py for tasks to queue
[2025-01-15 21:18:40,241] {logging_mixin.py:115} INFO - [2025-01-15 21:18:40,241] {dagbag.py:507} INFO - Filling up the DagBag from /home/alessandro/Documentos/airflow/airflow_pipeline/dags/x_dag.py
[2025-01-15 21:18:40,246] {processor.py:651} INFO - DAG(s) dict_keys(['TwitterTest']) retrieved from /home/alessandro/Documentos/airflow/airflow_pipeline/dags/x_dag.py
[2025-01-15 21:18:40,280] {logging_mixin.py:115} INFO - [2025-01-15 21:18:40,280] {dag.py:2379} INFO - Sync 1 DAGs
[2025-01-15 21:18:40,294] {logging_mixin.py:115} INFO - [2025-01-15 21:18:40,293] {dag.py:2927} INFO - Setting next_dagrun for TwitterTest to 2025-01-15T21:18:40.245427+00:00, run_after=2025-01-16T21:18:40.245427+00:00
[2025-01-15 21:18:40,304] {processor.py:161} INFO - Processing /home/alessandro/Documentos/airflow/airflow_pipeline/dags/x_dag.py took 0.067 seconds
[2025-01-15 21:19:10,396] {processor.py:153} INFO - Started process (PID=78570) to work on /home/alessandro/Documentos/airflow/airflow_pipeline/dags/x_dag.py
[2025-01-15 21:19:10,396] {processor.py:641} INFO - Processing file /home/alessandro/Documentos/airflow/airflow_pipeline/dags/x_dag.py for tasks to queue
[2025-01-15 21:19:10,397] {logging_mixin.py:115} INFO - [2025-01-15 21:19:10,397] {dagbag.py:507} INFO - Filling up the DagBag from /home/alessandro/Documentos/airflow/airflow_pipeline/dags/x_dag.py
[2025-01-15 21:19:10,402] {processor.py:651} INFO - DAG(s) dict_keys(['TwitterTest']) retrieved from /home/alessandro/Documentos/airflow/airflow_pipeline/dags/x_dag.py
[2025-01-15 21:19:10,432] {logging_mixin.py:115} INFO - [2025-01-15 21:19:10,432] {dag.py:2379} INFO - Sync 1 DAGs
[2025-01-15 21:19:10,442] {logging_mixin.py:115} INFO - [2025-01-15 21:19:10,442] {dag.py:2927} INFO - Setting next_dagrun for TwitterTest to 2025-01-15T21:19:10.400834+00:00, run_after=2025-01-16T21:19:10.400834+00:00
[2025-01-15 21:19:10,450] {processor.py:161} INFO - Processing /home/alessandro/Documentos/airflow/airflow_pipeline/dags/x_dag.py took 0.056 seconds
[2025-01-15 21:19:40,550] {processor.py:153} INFO - Started process (PID=78622) to work on /home/alessandro/Documentos/airflow/airflow_pipeline/dags/x_dag.py
[2025-01-15 21:19:40,551] {processor.py:641} INFO - Processing file /home/alessandro/Documentos/airflow/airflow_pipeline/dags/x_dag.py for tasks to queue
[2025-01-15 21:19:40,551] {logging_mixin.py:115} INFO - [2025-01-15 21:19:40,551] {dagbag.py:507} INFO - Filling up the DagBag from /home/alessandro/Documentos/airflow/airflow_pipeline/dags/x_dag.py
[2025-01-15 21:19:40,556] {processor.py:651} INFO - DAG(s) dict_keys(['TwitterTest']) retrieved from /home/alessandro/Documentos/airflow/airflow_pipeline/dags/x_dag.py
[2025-01-15 21:19:40,585] {logging_mixin.py:115} INFO - [2025-01-15 21:19:40,585] {dag.py:2379} INFO - Sync 1 DAGs
[2025-01-15 21:19:40,596] {logging_mixin.py:115} INFO - [2025-01-15 21:19:40,596] {dag.py:2927} INFO - Setting next_dagrun for TwitterTest to 2025-01-15T21:19:40.555232+00:00, run_after=2025-01-16T21:19:40.555232+00:00
[2025-01-15 21:19:40,604] {processor.py:161} INFO - Processing /home/alessandro/Documentos/airflow/airflow_pipeline/dags/x_dag.py took 0.057 seconds
[2025-01-15 21:20:10,709] {processor.py:153} INFO - Started process (PID=78628) to work on /home/alessandro/Documentos/airflow/airflow_pipeline/dags/x_dag.py
[2025-01-15 21:20:10,710] {processor.py:641} INFO - Processing file /home/alessandro/Documentos/airflow/airflow_pipeline/dags/x_dag.py for tasks to queue
[2025-01-15 21:20:10,710] {logging_mixin.py:115} INFO - [2025-01-15 21:20:10,710] {dagbag.py:507} INFO - Filling up the DagBag from /home/alessandro/Documentos/airflow/airflow_pipeline/dags/x_dag.py
[2025-01-15 21:20:10,716] {processor.py:651} INFO - DAG(s) dict_keys(['TwitterTest']) retrieved from /home/alessandro/Documentos/airflow/airflow_pipeline/dags/x_dag.py
[2025-01-15 21:20:10,749] {logging_mixin.py:115} INFO - [2025-01-15 21:20:10,749] {dag.py:2379} INFO - Sync 1 DAGs
[2025-01-15 21:20:10,763] {logging_mixin.py:115} INFO - [2025-01-15 21:20:10,762] {dag.py:2927} INFO - Setting next_dagrun for TwitterTest to 2025-01-15T21:20:10.714736+00:00, run_after=2025-01-16T21:20:10.714736+00:00
[2025-01-15 21:20:10,773] {processor.py:161} INFO - Processing /home/alessandro/Documentos/airflow/airflow_pipeline/dags/x_dag.py took 0.066 seconds
[2025-01-15 21:20:40,866] {processor.py:153} INFO - Started process (PID=78629) to work on /home/alessandro/Documentos/airflow/airflow_pipeline/dags/x_dag.py
[2025-01-15 21:20:40,866] {processor.py:641} INFO - Processing file /home/alessandro/Documentos/airflow/airflow_pipeline/dags/x_dag.py for tasks to queue
[2025-01-15 21:20:40,867] {logging_mixin.py:115} INFO - [2025-01-15 21:20:40,866] {dagbag.py:507} INFO - Filling up the DagBag from /home/alessandro/Documentos/airflow/airflow_pipeline/dags/x_dag.py
[2025-01-15 21:20:40,872] {processor.py:651} INFO - DAG(s) dict_keys(['TwitterTest']) retrieved from /home/alessandro/Documentos/airflow/airflow_pipeline/dags/x_dag.py
[2025-01-15 21:20:40,902] {logging_mixin.py:115} INFO - [2025-01-15 21:20:40,902] {dag.py:2379} INFO - Sync 1 DAGs
[2025-01-15 21:20:40,913] {logging_mixin.py:115} INFO - [2025-01-15 21:20:40,913] {dag.py:2927} INFO - Setting next_dagrun for TwitterTest to 2025-01-15T21:20:40.870823+00:00, run_after=2025-01-16T21:20:40.870823+00:00
[2025-01-15 21:20:40,922] {processor.py:161} INFO - Processing /home/alessandro/Documentos/airflow/airflow_pipeline/dags/x_dag.py took 0.059 seconds
[2025-01-15 21:21:11,023] {processor.py:153} INFO - Started process (PID=78630) to work on /home/alessandro/Documentos/airflow/airflow_pipeline/dags/x_dag.py
[2025-01-15 21:21:11,024] {processor.py:641} INFO - Processing file /home/alessandro/Documentos/airflow/airflow_pipeline/dags/x_dag.py for tasks to queue
[2025-01-15 21:21:11,024] {logging_mixin.py:115} INFO - [2025-01-15 21:21:11,024] {dagbag.py:507} INFO - Filling up the DagBag from /home/alessandro/Documentos/airflow/airflow_pipeline/dags/x_dag.py
[2025-01-15 21:21:11,029] {processor.py:651} INFO - DAG(s) dict_keys(['TwitterTest']) retrieved from /home/alessandro/Documentos/airflow/airflow_pipeline/dags/x_dag.py
[2025-01-15 21:21:11,059] {logging_mixin.py:115} INFO - [2025-01-15 21:21:11,059] {dag.py:2379} INFO - Sync 1 DAGs
[2025-01-15 21:21:11,070] {logging_mixin.py:115} INFO - [2025-01-15 21:21:11,070] {dag.py:2927} INFO - Setting next_dagrun for TwitterTest to 2025-01-15T21:21:11.028396+00:00, run_after=2025-01-16T21:21:11.028396+00:00
[2025-01-15 21:21:11,080] {processor.py:161} INFO - Processing /home/alessandro/Documentos/airflow/airflow_pipeline/dags/x_dag.py took 0.059 seconds
[2025-01-15 21:21:41,176] {processor.py:153} INFO - Started process (PID=78631) to work on /home/alessandro/Documentos/airflow/airflow_pipeline/dags/x_dag.py
[2025-01-15 21:21:41,177] {processor.py:641} INFO - Processing file /home/alessandro/Documentos/airflow/airflow_pipeline/dags/x_dag.py for tasks to queue
[2025-01-15 21:21:41,178] {logging_mixin.py:115} INFO - [2025-01-15 21:21:41,178] {dagbag.py:507} INFO - Filling up the DagBag from /home/alessandro/Documentos/airflow/airflow_pipeline/dags/x_dag.py
[2025-01-15 21:21:41,182] {processor.py:651} INFO - DAG(s) dict_keys(['TwitterTest']) retrieved from /home/alessandro/Documentos/airflow/airflow_pipeline/dags/x_dag.py
[2025-01-15 21:21:41,211] {logging_mixin.py:115} INFO - [2025-01-15 21:21:41,211] {dag.py:2379} INFO - Sync 1 DAGs
[2025-01-15 21:21:41,222] {logging_mixin.py:115} INFO - [2025-01-15 21:21:41,222] {dag.py:2927} INFO - Setting next_dagrun for TwitterTest to 2025-01-15T21:21:41.181756+00:00, run_after=2025-01-16T21:21:41.181756+00:00
[2025-01-15 21:21:41,231] {processor.py:161} INFO - Processing /home/alessandro/Documentos/airflow/airflow_pipeline/dags/x_dag.py took 0.057 seconds
[2025-01-15 21:22:11,332] {processor.py:153} INFO - Started process (PID=78633) to work on /home/alessandro/Documentos/airflow/airflow_pipeline/dags/x_dag.py
[2025-01-15 21:22:11,332] {processor.py:641} INFO - Processing file /home/alessandro/Documentos/airflow/airflow_pipeline/dags/x_dag.py for tasks to queue
[2025-01-15 21:22:11,333] {logging_mixin.py:115} INFO - [2025-01-15 21:22:11,333] {dagbag.py:507} INFO - Filling up the DagBag from /home/alessandro/Documentos/airflow/airflow_pipeline/dags/x_dag.py
[2025-01-15 21:22:11,338] {processor.py:651} INFO - DAG(s) dict_keys(['TwitterTest']) retrieved from /home/alessandro/Documentos/airflow/airflow_pipeline/dags/x_dag.py
[2025-01-15 21:22:11,368] {logging_mixin.py:115} INFO - [2025-01-15 21:22:11,368] {dag.py:2379} INFO - Sync 1 DAGs
[2025-01-15 21:22:11,379] {logging_mixin.py:115} INFO - [2025-01-15 21:22:11,379] {dag.py:2927} INFO - Setting next_dagrun for TwitterTest to 2025-01-15T21:22:11.336913+00:00, run_after=2025-01-16T21:22:11.336913+00:00
[2025-01-15 21:22:11,387] {processor.py:161} INFO - Processing /home/alessandro/Documentos/airflow/airflow_pipeline/dags/x_dag.py took 0.058 seconds
[2025-01-15 21:22:41,488] {processor.py:153} INFO - Started process (PID=78634) to work on /home/alessandro/Documentos/airflow/airflow_pipeline/dags/x_dag.py
[2025-01-15 21:22:41,489] {processor.py:641} INFO - Processing file /home/alessandro/Documentos/airflow/airflow_pipeline/dags/x_dag.py for tasks to queue
[2025-01-15 21:22:41,489] {logging_mixin.py:115} INFO - [2025-01-15 21:22:41,489] {dagbag.py:507} INFO - Filling up the DagBag from /home/alessandro/Documentos/airflow/airflow_pipeline/dags/x_dag.py
[2025-01-15 21:22:41,494] {processor.py:651} INFO - DAG(s) dict_keys(['TwitterTest']) retrieved from /home/alessandro/Documentos/airflow/airflow_pipeline/dags/x_dag.py
[2025-01-15 21:22:41,525] {logging_mixin.py:115} INFO - [2025-01-15 21:22:41,525] {dag.py:2379} INFO - Sync 1 DAGs
[2025-01-15 21:22:41,536] {logging_mixin.py:115} INFO - [2025-01-15 21:22:41,536] {dag.py:2927} INFO - Setting next_dagrun for TwitterTest to 2025-01-15T21:22:41.493524+00:00, run_after=2025-01-16T21:22:41.493524+00:00
[2025-01-15 21:22:41,545] {processor.py:161} INFO - Processing /home/alessandro/Documentos/airflow/airflow_pipeline/dags/x_dag.py took 0.060 seconds
[2025-01-15 21:23:11,646] {processor.py:153} INFO - Started process (PID=78635) to work on /home/alessandro/Documentos/airflow/airflow_pipeline/dags/x_dag.py
[2025-01-15 21:23:11,646] {processor.py:641} INFO - Processing file /home/alessandro/Documentos/airflow/airflow_pipeline/dags/x_dag.py for tasks to queue
[2025-01-15 21:23:11,646] {logging_mixin.py:115} INFO - [2025-01-15 21:23:11,646] {dagbag.py:507} INFO - Filling up the DagBag from /home/alessandro/Documentos/airflow/airflow_pipeline/dags/x_dag.py
[2025-01-15 21:23:11,651] {processor.py:651} INFO - DAG(s) dict_keys(['TwitterTest']) retrieved from /home/alessandro/Documentos/airflow/airflow_pipeline/dags/x_dag.py
[2025-01-15 21:23:11,680] {logging_mixin.py:115} INFO - [2025-01-15 21:23:11,680] {dag.py:2379} INFO - Sync 1 DAGs
[2025-01-15 21:23:11,690] {logging_mixin.py:115} INFO - [2025-01-15 21:23:11,690] {dag.py:2927} INFO - Setting next_dagrun for TwitterTest to 2025-01-15T21:23:11.650446+00:00, run_after=2025-01-16T21:23:11.650446+00:00
[2025-01-15 21:23:11,698] {processor.py:161} INFO - Processing /home/alessandro/Documentos/airflow/airflow_pipeline/dags/x_dag.py took 0.055 seconds
[2025-01-15 21:23:41,801] {processor.py:153} INFO - Started process (PID=78638) to work on /home/alessandro/Documentos/airflow/airflow_pipeline/dags/x_dag.py
[2025-01-15 21:23:41,802] {processor.py:641} INFO - Processing file /home/alessandro/Documentos/airflow/airflow_pipeline/dags/x_dag.py for tasks to queue
[2025-01-15 21:23:41,803] {logging_mixin.py:115} INFO - [2025-01-15 21:23:41,803] {dagbag.py:507} INFO - Filling up the DagBag from /home/alessandro/Documentos/airflow/airflow_pipeline/dags/x_dag.py
[2025-01-15 21:23:41,808] {processor.py:651} INFO - DAG(s) dict_keys(['TwitterTest']) retrieved from /home/alessandro/Documentos/airflow/airflow_pipeline/dags/x_dag.py
[2025-01-15 21:23:41,837] {logging_mixin.py:115} INFO - [2025-01-15 21:23:41,837] {dag.py:2379} INFO - Sync 1 DAGs
[2025-01-15 21:23:41,849] {logging_mixin.py:115} INFO - [2025-01-15 21:23:41,848] {dag.py:2927} INFO - Setting next_dagrun for TwitterTest to 2025-01-15T21:23:41.806829+00:00, run_after=2025-01-16T21:23:41.806829+00:00
[2025-01-15 21:23:41,859] {processor.py:161} INFO - Processing /home/alessandro/Documentos/airflow/airflow_pipeline/dags/x_dag.py took 0.060 seconds
[2025-01-15 21:24:11,957] {processor.py:153} INFO - Started process (PID=78639) to work on /home/alessandro/Documentos/airflow/airflow_pipeline/dags/x_dag.py
[2025-01-15 21:24:11,958] {processor.py:641} INFO - Processing file /home/alessandro/Documentos/airflow/airflow_pipeline/dags/x_dag.py for tasks to queue
[2025-01-15 21:24:11,958] {logging_mixin.py:115} INFO - [2025-01-15 21:24:11,958] {dagbag.py:507} INFO - Filling up the DagBag from /home/alessandro/Documentos/airflow/airflow_pipeline/dags/x_dag.py
[2025-01-15 21:24:11,963] {processor.py:651} INFO - DAG(s) dict_keys(['TwitterTest']) retrieved from /home/alessandro/Documentos/airflow/airflow_pipeline/dags/x_dag.py
[2025-01-15 21:24:11,992] {logging_mixin.py:115} INFO - [2025-01-15 21:24:11,992] {dag.py:2379} INFO - Sync 1 DAGs
[2025-01-15 21:24:12,003] {logging_mixin.py:115} INFO - [2025-01-15 21:24:12,003] {dag.py:2927} INFO - Setting next_dagrun for TwitterTest to 2025-01-15T21:24:11.962172+00:00, run_after=2025-01-16T21:24:11.962172+00:00
[2025-01-15 21:24:12,011] {processor.py:161} INFO - Processing /home/alessandro/Documentos/airflow/airflow_pipeline/dags/x_dag.py took 0.056 seconds
[2025-01-16 09:02:49,916] {processor.py:153} INFO - Started process (PID=6280) to work on /home/alessandro/Documentos/airflow/airflow_pipeline/dags/x_dag.py
[2025-01-16 09:02:49,917] {processor.py:641} INFO - Processing file /home/alessandro/Documentos/airflow/airflow_pipeline/dags/x_dag.py for tasks to queue
[2025-01-16 09:02:49,918] {logging_mixin.py:115} INFO - [2025-01-16 09:02:49,918] {dagbag.py:507} INFO - Filling up the DagBag from /home/alessandro/Documentos/airflow/airflow_pipeline/dags/x_dag.py
[2025-01-16 09:02:49,925] {processor.py:651} INFO - DAG(s) dict_keys(['TwitterDag']) retrieved from /home/alessandro/Documentos/airflow/airflow_pipeline/dags/x_dag.py
[2025-01-16 09:02:49,968] {logging_mixin.py:115} INFO - [2025-01-16 09:02:49,968] {manager.py:508} INFO - Created Permission View: can delete on DAG:TwitterDag
[2025-01-16 09:02:49,975] {logging_mixin.py:115} INFO - [2025-01-16 09:02:49,975] {manager.py:508} INFO - Created Permission View: can edit on DAG:TwitterDag
[2025-01-16 09:02:49,980] {logging_mixin.py:115} INFO - [2025-01-16 09:02:49,980] {manager.py:508} INFO - Created Permission View: can read on DAG:TwitterDag
[2025-01-16 09:02:49,981] {logging_mixin.py:115} INFO - [2025-01-16 09:02:49,981] {dag.py:2379} INFO - Sync 1 DAGs
[2025-01-16 09:02:49,986] {logging_mixin.py:115} INFO - [2025-01-16 09:02:49,985] {dag.py:2398} INFO - Creating ORM DAG for TwitterDag
[2025-01-16 09:02:49,991] {logging_mixin.py:115} INFO - [2025-01-16 09:02:49,991] {dag.py:2927} INFO - Setting next_dagrun for TwitterDag to 2025-01-10T00:00:00+00:00, run_after=2025-01-11T00:00:00+00:00
[2025-01-16 09:02:50,001] {processor.py:161} INFO - Processing /home/alessandro/Documentos/airflow/airflow_pipeline/dags/x_dag.py took 0.086 seconds
[2025-01-16 09:03:21,008] {processor.py:153} INFO - Started process (PID=6808) to work on /home/alessandro/Documentos/airflow/airflow_pipeline/dags/x_dag.py
[2025-01-16 09:03:21,009] {processor.py:641} INFO - Processing file /home/alessandro/Documentos/airflow/airflow_pipeline/dags/x_dag.py for tasks to queue
[2025-01-16 09:03:21,009] {logging_mixin.py:115} INFO - [2025-01-16 09:03:21,009] {dagbag.py:507} INFO - Filling up the DagBag from /home/alessandro/Documentos/airflow/airflow_pipeline/dags/x_dag.py
[2025-01-16 09:03:21,015] {processor.py:651} INFO - DAG(s) dict_keys(['TwitterDag']) retrieved from /home/alessandro/Documentos/airflow/airflow_pipeline/dags/x_dag.py
[2025-01-16 09:03:21,025] {logging_mixin.py:115} INFO - [2025-01-16 09:03:21,025] {dag.py:2379} INFO - Sync 1 DAGs
[2025-01-16 09:03:21,037] {logging_mixin.py:115} INFO - [2025-01-16 09:03:21,037] {dag.py:2927} INFO - Setting next_dagrun for TwitterDag to 2025-01-10T00:00:00+00:00, run_after=2025-01-11T00:00:00+00:00
[2025-01-16 09:03:21,044] {processor.py:161} INFO - Processing /home/alessandro/Documentos/airflow/airflow_pipeline/dags/x_dag.py took 0.038 seconds
[2025-01-16 09:03:41,455] {processor.py:153} INFO - Started process (PID=6959) to work on /home/alessandro/Documentos/airflow/airflow_pipeline/dags/x_dag.py
[2025-01-16 09:03:41,456] {processor.py:641} INFO - Processing file /home/alessandro/Documentos/airflow/airflow_pipeline/dags/x_dag.py for tasks to queue
[2025-01-16 09:03:41,456] {logging_mixin.py:115} INFO - [2025-01-16 09:03:41,456] {dagbag.py:507} INFO - Filling up the DagBag from /home/alessandro/Documentos/airflow/airflow_pipeline/dags/x_dag.py
[2025-01-16 09:03:41,462] {processor.py:651} INFO - DAG(s) dict_keys(['TwitterDag']) retrieved from /home/alessandro/Documentos/airflow/airflow_pipeline/dags/x_dag.py
[2025-01-16 09:03:41,472] {logging_mixin.py:115} INFO - [2025-01-16 09:03:41,472] {dag.py:2379} INFO - Sync 1 DAGs
[2025-01-16 09:03:41,485] {logging_mixin.py:115} INFO - [2025-01-16 09:03:41,485] {dag.py:2927} INFO - Setting next_dagrun for TwitterDag to 2025-01-10T00:00:00+00:00, run_after=2025-01-11T00:00:00+00:00
[2025-01-16 09:03:41,493] {processor.py:161} INFO - Processing /home/alessandro/Documentos/airflow/airflow_pipeline/dags/x_dag.py took 0.039 seconds
[2025-01-16 09:04:11,924] {processor.py:153} INFO - Started process (PID=7304) to work on /home/alessandro/Documentos/airflow/airflow_pipeline/dags/x_dag.py
[2025-01-16 09:04:11,925] {processor.py:641} INFO - Processing file /home/alessandro/Documentos/airflow/airflow_pipeline/dags/x_dag.py for tasks to queue
[2025-01-16 09:04:11,925] {logging_mixin.py:115} INFO - [2025-01-16 09:04:11,925] {dagbag.py:507} INFO - Filling up the DagBag from /home/alessandro/Documentos/airflow/airflow_pipeline/dags/x_dag.py
[2025-01-16 09:04:11,931] {processor.py:651} INFO - DAG(s) dict_keys(['TwitterDag']) retrieved from /home/alessandro/Documentos/airflow/airflow_pipeline/dags/x_dag.py
[2025-01-16 09:04:11,942] {logging_mixin.py:115} INFO - [2025-01-16 09:04:11,942] {dag.py:2379} INFO - Sync 1 DAGs
[2025-01-16 09:04:11,953] {logging_mixin.py:115} INFO - [2025-01-16 09:04:11,953] {dag.py:2927} INFO - Setting next_dagrun for TwitterDag to 2025-01-13T00:00:00+00:00, run_after=2025-01-14T00:00:00+00:00
[2025-01-16 09:04:11,960] {processor.py:161} INFO - Processing /home/alessandro/Documentos/airflow/airflow_pipeline/dags/x_dag.py took 0.038 seconds
[2025-01-16 09:04:42,998] {processor.py:153} INFO - Started process (PID=7532) to work on /home/alessandro/Documentos/airflow/airflow_pipeline/dags/x_dag.py
[2025-01-16 09:04:42,999] {processor.py:641} INFO - Processing file /home/alessandro/Documentos/airflow/airflow_pipeline/dags/x_dag.py for tasks to queue
[2025-01-16 09:04:42,999] {logging_mixin.py:115} INFO - [2025-01-16 09:04:42,999] {dagbag.py:507} INFO - Filling up the DagBag from /home/alessandro/Documentos/airflow/airflow_pipeline/dags/x_dag.py
[2025-01-16 09:04:43,005] {processor.py:651} INFO - DAG(s) dict_keys(['TwitterDag']) retrieved from /home/alessandro/Documentos/airflow/airflow_pipeline/dags/x_dag.py
[2025-01-16 09:04:43,016] {logging_mixin.py:115} INFO - [2025-01-16 09:04:43,016] {dag.py:2379} INFO - Sync 1 DAGs
[2025-01-16 09:04:43,028] {logging_mixin.py:115} INFO - [2025-01-16 09:04:43,028] {dag.py:2927} INFO - Setting next_dagrun for TwitterDag to 2025-01-16T00:00:00+00:00, run_after=2025-01-17T00:00:00+00:00
[2025-01-16 09:04:43,038] {processor.py:161} INFO - Processing /home/alessandro/Documentos/airflow/airflow_pipeline/dags/x_dag.py took 0.042 seconds
[2025-01-16 09:05:13,989] {processor.py:153} INFO - Started process (PID=7684) to work on /home/alessandro/Documentos/airflow/airflow_pipeline/dags/x_dag.py
[2025-01-16 09:05:13,990] {processor.py:641} INFO - Processing file /home/alessandro/Documentos/airflow/airflow_pipeline/dags/x_dag.py for tasks to queue
[2025-01-16 09:05:13,990] {logging_mixin.py:115} INFO - [2025-01-16 09:05:13,990] {dagbag.py:507} INFO - Filling up the DagBag from /home/alessandro/Documentos/airflow/airflow_pipeline/dags/x_dag.py
[2025-01-16 09:05:13,996] {processor.py:651} INFO - DAG(s) dict_keys(['TwitterDag']) retrieved from /home/alessandro/Documentos/airflow/airflow_pipeline/dags/x_dag.py
[2025-01-16 09:05:14,007] {logging_mixin.py:115} INFO - [2025-01-16 09:05:14,007] {dag.py:2379} INFO - Sync 1 DAGs
[2025-01-16 09:05:14,020] {logging_mixin.py:115} INFO - [2025-01-16 09:05:14,019] {dag.py:2927} INFO - Setting next_dagrun for TwitterDag to 2025-01-16T00:00:00+00:00, run_after=2025-01-17T00:00:00+00:00
[2025-01-16 09:05:14,028] {processor.py:161} INFO - Processing /home/alessandro/Documentos/airflow/airflow_pipeline/dags/x_dag.py took 0.041 seconds
[2025-01-16 09:05:44,171] {processor.py:153} INFO - Started process (PID=7830) to work on /home/alessandro/Documentos/airflow/airflow_pipeline/dags/x_dag.py
[2025-01-16 09:05:44,172] {processor.py:641} INFO - Processing file /home/alessandro/Documentos/airflow/airflow_pipeline/dags/x_dag.py for tasks to queue
[2025-01-16 09:05:44,172] {logging_mixin.py:115} INFO - [2025-01-16 09:05:44,172] {dagbag.py:507} INFO - Filling up the DagBag from /home/alessandro/Documentos/airflow/airflow_pipeline/dags/x_dag.py
[2025-01-16 09:05:44,178] {processor.py:651} INFO - DAG(s) dict_keys(['TwitterDag']) retrieved from /home/alessandro/Documentos/airflow/airflow_pipeline/dags/x_dag.py
[2025-01-16 09:05:44,189] {logging_mixin.py:115} INFO - [2025-01-16 09:05:44,189] {dag.py:2379} INFO - Sync 1 DAGs
[2025-01-16 09:05:44,201] {logging_mixin.py:115} INFO - [2025-01-16 09:05:44,201] {dag.py:2927} INFO - Setting next_dagrun for TwitterDag to 2025-01-16T00:00:00+00:00, run_after=2025-01-17T00:00:00+00:00
[2025-01-16 09:05:44,208] {processor.py:161} INFO - Processing /home/alessandro/Documentos/airflow/airflow_pipeline/dags/x_dag.py took 0.039 seconds
[2025-01-16 09:06:14,472] {processor.py:153} INFO - Started process (PID=7979) to work on /home/alessandro/Documentos/airflow/airflow_pipeline/dags/x_dag.py
[2025-01-16 09:06:14,473] {processor.py:641} INFO - Processing file /home/alessandro/Documentos/airflow/airflow_pipeline/dags/x_dag.py for tasks to queue
[2025-01-16 09:06:14,473] {logging_mixin.py:115} INFO - [2025-01-16 09:06:14,473] {dagbag.py:507} INFO - Filling up the DagBag from /home/alessandro/Documentos/airflow/airflow_pipeline/dags/x_dag.py
[2025-01-16 09:06:14,479] {processor.py:651} INFO - DAG(s) dict_keys(['TwitterDag']) retrieved from /home/alessandro/Documentos/airflow/airflow_pipeline/dags/x_dag.py
[2025-01-16 09:06:14,489] {logging_mixin.py:115} INFO - [2025-01-16 09:06:14,488] {dag.py:2379} INFO - Sync 1 DAGs
[2025-01-16 09:06:14,499] {logging_mixin.py:115} INFO - [2025-01-16 09:06:14,499] {dag.py:2927} INFO - Setting next_dagrun for TwitterDag to 2025-01-16T00:00:00+00:00, run_after=2025-01-17T00:00:00+00:00
[2025-01-16 09:06:14,506] {processor.py:161} INFO - Processing /home/alessandro/Documentos/airflow/airflow_pipeline/dags/x_dag.py took 0.035 seconds
[2025-01-16 09:06:44,751] {processor.py:153} INFO - Started process (PID=8124) to work on /home/alessandro/Documentos/airflow/airflow_pipeline/dags/x_dag.py
[2025-01-16 09:06:44,751] {processor.py:641} INFO - Processing file /home/alessandro/Documentos/airflow/airflow_pipeline/dags/x_dag.py for tasks to queue
[2025-01-16 09:06:44,751] {logging_mixin.py:115} INFO - [2025-01-16 09:06:44,751] {dagbag.py:507} INFO - Filling up the DagBag from /home/alessandro/Documentos/airflow/airflow_pipeline/dags/x_dag.py
[2025-01-16 09:06:44,757] {processor.py:651} INFO - DAG(s) dict_keys(['TwitterDag']) retrieved from /home/alessandro/Documentos/airflow/airflow_pipeline/dags/x_dag.py
[2025-01-16 09:06:44,768] {logging_mixin.py:115} INFO - [2025-01-16 09:06:44,768] {dag.py:2379} INFO - Sync 1 DAGs
[2025-01-16 09:06:44,779] {logging_mixin.py:115} INFO - [2025-01-16 09:06:44,779] {dag.py:2927} INFO - Setting next_dagrun for TwitterDag to 2025-01-16T00:00:00+00:00, run_after=2025-01-17T00:00:00+00:00
[2025-01-16 09:06:44,786] {processor.py:161} INFO - Processing /home/alessandro/Documentos/airflow/airflow_pipeline/dags/x_dag.py took 0.037 seconds
[2025-01-16 09:07:15,024] {processor.py:153} INFO - Started process (PID=8270) to work on /home/alessandro/Documentos/airflow/airflow_pipeline/dags/x_dag.py
[2025-01-16 09:07:15,025] {processor.py:641} INFO - Processing file /home/alessandro/Documentos/airflow/airflow_pipeline/dags/x_dag.py for tasks to queue
[2025-01-16 09:07:15,025] {logging_mixin.py:115} INFO - [2025-01-16 09:07:15,025] {dagbag.py:507} INFO - Filling up the DagBag from /home/alessandro/Documentos/airflow/airflow_pipeline/dags/x_dag.py
[2025-01-16 09:07:15,031] {processor.py:651} INFO - DAG(s) dict_keys(['TwitterDag']) retrieved from /home/alessandro/Documentos/airflow/airflow_pipeline/dags/x_dag.py
[2025-01-16 09:07:15,041] {logging_mixin.py:115} INFO - [2025-01-16 09:07:15,040] {dag.py:2379} INFO - Sync 1 DAGs
[2025-01-16 09:07:15,052] {logging_mixin.py:115} INFO - [2025-01-16 09:07:15,051] {dag.py:2927} INFO - Setting next_dagrun for TwitterDag to 2025-01-16T00:00:00+00:00, run_after=2025-01-17T00:00:00+00:00
[2025-01-16 09:07:15,058] {processor.py:161} INFO - Processing /home/alessandro/Documentos/airflow/airflow_pipeline/dags/x_dag.py took 0.036 seconds
[2025-01-16 09:07:45,299] {processor.py:153} INFO - Started process (PID=8388) to work on /home/alessandro/Documentos/airflow/airflow_pipeline/dags/x_dag.py
[2025-01-16 09:07:45,300] {processor.py:641} INFO - Processing file /home/alessandro/Documentos/airflow/airflow_pipeline/dags/x_dag.py for tasks to queue
[2025-01-16 09:07:45,300] {logging_mixin.py:115} INFO - [2025-01-16 09:07:45,300] {dagbag.py:507} INFO - Filling up the DagBag from /home/alessandro/Documentos/airflow/airflow_pipeline/dags/x_dag.py
[2025-01-16 09:07:45,306] {processor.py:651} INFO - DAG(s) dict_keys(['TwitterDag']) retrieved from /home/alessandro/Documentos/airflow/airflow_pipeline/dags/x_dag.py
[2025-01-16 09:07:45,317] {logging_mixin.py:115} INFO - [2025-01-16 09:07:45,317] {dag.py:2379} INFO - Sync 1 DAGs
[2025-01-16 09:07:45,328] {logging_mixin.py:115} INFO - [2025-01-16 09:07:45,328] {dag.py:2927} INFO - Setting next_dagrun for TwitterDag to 2025-01-16T00:00:00+00:00, run_after=2025-01-17T00:00:00+00:00
[2025-01-16 09:07:45,336] {processor.py:161} INFO - Processing /home/alessandro/Documentos/airflow/airflow_pipeline/dags/x_dag.py took 0.038 seconds
[2025-01-16 09:08:15,551] {processor.py:153} INFO - Started process (PID=8407) to work on /home/alessandro/Documentos/airflow/airflow_pipeline/dags/x_dag.py
[2025-01-16 09:08:15,552] {processor.py:641} INFO - Processing file /home/alessandro/Documentos/airflow/airflow_pipeline/dags/x_dag.py for tasks to queue
[2025-01-16 09:08:15,552] {logging_mixin.py:115} INFO - [2025-01-16 09:08:15,552] {dagbag.py:507} INFO - Filling up the DagBag from /home/alessandro/Documentos/airflow/airflow_pipeline/dags/x_dag.py
[2025-01-16 09:08:15,558] {processor.py:651} INFO - DAG(s) dict_keys(['TwitterDag']) retrieved from /home/alessandro/Documentos/airflow/airflow_pipeline/dags/x_dag.py
[2025-01-16 09:08:15,569] {logging_mixin.py:115} INFO - [2025-01-16 09:08:15,569] {dag.py:2379} INFO - Sync 1 DAGs
[2025-01-16 09:08:15,581] {logging_mixin.py:115} INFO - [2025-01-16 09:08:15,581] {dag.py:2927} INFO - Setting next_dagrun for TwitterDag to 2025-01-16T00:00:00+00:00, run_after=2025-01-17T00:00:00+00:00
[2025-01-16 09:08:15,590] {processor.py:161} INFO - Processing /home/alessandro/Documentos/airflow/airflow_pipeline/dags/x_dag.py took 0.041 seconds
[2025-01-16 09:08:45,830] {processor.py:153} INFO - Started process (PID=8477) to work on /home/alessandro/Documentos/airflow/airflow_pipeline/dags/x_dag.py
[2025-01-16 09:08:45,831] {processor.py:641} INFO - Processing file /home/alessandro/Documentos/airflow/airflow_pipeline/dags/x_dag.py for tasks to queue
[2025-01-16 09:08:45,832] {logging_mixin.py:115} INFO - [2025-01-16 09:08:45,831] {dagbag.py:507} INFO - Filling up the DagBag from /home/alessandro/Documentos/airflow/airflow_pipeline/dags/x_dag.py
[2025-01-16 09:08:45,837] {processor.py:651} INFO - DAG(s) dict_keys(['TwitterDag']) retrieved from /home/alessandro/Documentos/airflow/airflow_pipeline/dags/x_dag.py
[2025-01-16 09:08:45,847] {logging_mixin.py:115} INFO - [2025-01-16 09:08:45,847] {dag.py:2379} INFO - Sync 1 DAGs
[2025-01-16 09:08:45,858] {logging_mixin.py:115} INFO - [2025-01-16 09:08:45,858] {dag.py:2927} INFO - Setting next_dagrun for TwitterDag to 2025-01-16T00:00:00+00:00, run_after=2025-01-17T00:00:00+00:00
[2025-01-16 09:08:45,864] {processor.py:161} INFO - Processing /home/alessandro/Documentos/airflow/airflow_pipeline/dags/x_dag.py took 0.036 seconds
[2025-01-16 09:09:16,114] {processor.py:153} INFO - Started process (PID=8497) to work on /home/alessandro/Documentos/airflow/airflow_pipeline/dags/x_dag.py
[2025-01-16 09:09:16,114] {processor.py:641} INFO - Processing file /home/alessandro/Documentos/airflow/airflow_pipeline/dags/x_dag.py for tasks to queue
[2025-01-16 09:09:16,115] {logging_mixin.py:115} INFO - [2025-01-16 09:09:16,115] {dagbag.py:507} INFO - Filling up the DagBag from /home/alessandro/Documentos/airflow/airflow_pipeline/dags/x_dag.py
[2025-01-16 09:09:16,121] {processor.py:651} INFO - DAG(s) dict_keys(['TwitterDag']) retrieved from /home/alessandro/Documentos/airflow/airflow_pipeline/dags/x_dag.py
[2025-01-16 09:09:16,134] {logging_mixin.py:115} INFO - [2025-01-16 09:09:16,134] {dag.py:2379} INFO - Sync 1 DAGs
[2025-01-16 09:09:16,159] {logging_mixin.py:115} INFO - [2025-01-16 09:09:16,158] {dag.py:2927} INFO - Setting next_dagrun for TwitterDag to 2025-01-16T00:00:00+00:00, run_after=2025-01-17T00:00:00+00:00
[2025-01-16 09:09:16,169] {processor.py:161} INFO - Processing /home/alessandro/Documentos/airflow/airflow_pipeline/dags/x_dag.py took 0.058 seconds
[2025-01-16 09:09:46,383] {processor.py:153} INFO - Started process (PID=8850) to work on /home/alessandro/Documentos/airflow/airflow_pipeline/dags/x_dag.py
[2025-01-16 09:09:46,383] {processor.py:641} INFO - Processing file /home/alessandro/Documentos/airflow/airflow_pipeline/dags/x_dag.py for tasks to queue
[2025-01-16 09:09:46,383] {logging_mixin.py:115} INFO - [2025-01-16 09:09:46,383] {dagbag.py:507} INFO - Filling up the DagBag from /home/alessandro/Documentos/airflow/airflow_pipeline/dags/x_dag.py
[2025-01-16 09:09:46,389] {processor.py:651} INFO - DAG(s) dict_keys(['TwitterDag']) retrieved from /home/alessandro/Documentos/airflow/airflow_pipeline/dags/x_dag.py
[2025-01-16 09:09:46,399] {logging_mixin.py:115} INFO - [2025-01-16 09:09:46,399] {dag.py:2379} INFO - Sync 1 DAGs
[2025-01-16 09:09:46,412] {logging_mixin.py:115} INFO - [2025-01-16 09:09:46,412] {dag.py:2927} INFO - Setting next_dagrun for TwitterDag to 2025-01-16T00:00:00+00:00, run_after=2025-01-17T00:00:00+00:00
[2025-01-16 09:09:46,418] {processor.py:161} INFO - Processing /home/alessandro/Documentos/airflow/airflow_pipeline/dags/x_dag.py took 0.038 seconds
