[2025-01-16 09:04:08,187] {taskinstance.py:1159} INFO - Dependencies all met for <TaskInstance: TwitterDag.twitter_datascience scheduled__2025-01-11T00:00:00+00:00 [queued]>
[2025-01-16 09:04:08,192] {taskinstance.py:1159} INFO - Dependencies all met for <TaskInstance: TwitterDag.twitter_datascience scheduled__2025-01-11T00:00:00+00:00 [queued]>
[2025-01-16 09:04:08,192] {taskinstance.py:1356} INFO - 
--------------------------------------------------------------------------------
[2025-01-16 09:04:08,192] {taskinstance.py:1357} INFO - Starting attempt 1 of 1
[2025-01-16 09:04:08,192] {taskinstance.py:1358} INFO - 
--------------------------------------------------------------------------------
[2025-01-16 09:04:08,199] {taskinstance.py:1377} INFO - Executing <Task(TwitterOperator): twitter_datascience> on 2025-01-11 00:00:00+00:00
[2025-01-16 09:04:08,202] {standard_task_runner.py:52} INFO - Started process 7290 to run task
[2025-01-16 09:04:08,204] {standard_task_runner.py:79} INFO - Running: ['airflow', 'tasks', 'run', 'TwitterDag', 'twitter_datascience', 'scheduled__2025-01-11T00:00:00+00:00', '--job-id', '21', '--raw', '--subdir', 'DAGS_FOLDER/x_dag.py', '--cfg-path', '/tmp/tmp1cbyno7n', '--error-file', '/tmp/tmperz6_wni']
[2025-01-16 09:04:08,204] {standard_task_runner.py:80} INFO - Job 21: Subtask twitter_datascience
[2025-01-16 09:04:08,232] {task_command.py:370} INFO - Running <TaskInstance: TwitterDag.twitter_datascience scheduled__2025-01-11T00:00:00+00:00 [running]> on host alessandro-virtual-machine
[2025-01-16 09:04:08,266] {taskinstance.py:1569} INFO - Exporting the following env vars:
AIRFLOW_CTX_DAG_OWNER=airflow
AIRFLOW_CTX_DAG_ID=TwitterDag
AIRFLOW_CTX_TASK_ID=twitter_datascience
AIRFLOW_CTX_EXECUTION_DATE=2025-01-11T00:00:00+00:00
AIRFLOW_CTX_TRY_NUMBER=1
AIRFLOW_CTX_DAG_RUN_ID=scheduled__2025-01-11T00:00:00+00:00
[2025-01-16 09:04:08,272] {base.py:68} INFO - Using connection ID 'twiter_defaut' for task execution.
[2025-01-16 09:04:08,274] {x_hook.py:29} INFO - URL: https://labdados.com/2/tweets/search/recent?query=datascience&tweet.fields=author_id,conversation_id,created_at,id,in_reply_to_user_id,public_metrics,lang,text&expansions=author_id&user.fields=id,name,username,created_at&start_time=2025-01-11T00:00:00.00Z&end_time=2025-01-12T00:00:00.00Z
[2025-01-16 09:04:08,809] {x_hook.py:29} INFO - URL: https://labdados.com/2/tweets/search/recent?query=datascience&tweet.fields=author_id,conversation_id,created_at,id,in_reply_to_user_id,public_metrics,lang,text&expansions=author_id&user.fields=id,name,username,created_at&start_time=2025-01-11T00:00:00.00Z&end_time=2025-01-12T00:00:00.00Z&next_token=1234567890abcdef
[2025-01-16 09:04:08,948] {x_hook.py:29} INFO - URL: https://labdados.com/2/tweets/search/recent?query=datascience&tweet.fields=author_id,conversation_id,created_at,id,in_reply_to_user_id,public_metrics,lang,text&expansions=author_id&user.fields=id,name,username,created_at&start_time=2025-01-11T00:00:00.00Z&end_time=2025-01-12T00:00:00.00Z&next_token=1234567890abcdef
[2025-01-16 09:04:09,083] {x_hook.py:29} INFO - URL: https://labdados.com/2/tweets/search/recent?query=datascience&tweet.fields=author_id,conversation_id,created_at,id,in_reply_to_user_id,public_metrics,lang,text&expansions=author_id&user.fields=id,name,username,created_at&start_time=2025-01-11T00:00:00.00Z&end_time=2025-01-12T00:00:00.00Z&next_token=1234567890abcdef
[2025-01-16 09:04:09,225] {taskinstance.py:1395} INFO - Marking task as SUCCESS. dag_id=TwitterDag, task_id=twitter_datascience, execution_date=20250111T000000, start_date=20250116T120408, end_date=20250116T120409
[2025-01-16 09:04:09,273] {local_task_job.py:156} INFO - Task exited with return code 0
[2025-01-16 09:04:09,285] {local_task_job.py:273} INFO - 0 downstream tasks scheduled from follow-on schedule check
